2017-12-03 11:05:12.300 INFO  /:{} 
2017-12-03 11:05:14.238 INFO  /favicon.ico:{} 
2017-12-03 11:06:07.263 INFO  /admin/getAdminContent?adminId=1:{} 
2017-12-03 11:09:36.019 INFO  /admin/getAdminContent?adminId=1:{} 
2017-12-03 11:14:22.652 INFO  /admin/getAdminContent?adminId=1:{} 
2017-12-03 11:25:32.411 INFO  /viewer/login:{"query":"{ person(age: 99 ) }"} 
2017-12-03 11:27:45.648 INFO  /contentProvider/getContent?contentProviderid=1:{} 
2017-12-03 11:27:49.168 INFO  /contentProvider/getContent?contentProviderid=1:{} 
2017-12-03 11:27:50.076 INFO  /contentProvider/getContent?contentProviderid=1:{} 
2017-12-03 11:31:03.464 INFO  /contentProvider/getContent?contentProviderid=1:{} 
2017-12-03 11:31:22.309 INFO  /contentProvider/getContent?contentProviderid=1:{"query":"{ person(age: 99 ) }"} 
2017-12-03 11:31:53.692 INFO  /contentProvider/getContent?contentProviderid=1:{"query":"{ person(age: 99 ) }"} 
2017-12-03 11:31:54.253 INFO  /contentProvider/getContent?contentProviderId=1:{} 
2017-12-03 11:32:09.539 INFO  /contentProvider/getContent?contentProviderid=1:{} 
2017-12-03 11:45:25.720 INFO  /contentProvider/getContent?contentProviderid=1:{} 
2017-12-03 11:46:33.249 INFO  /contentProvider/getContent?contentProviderid=1:{} 
2017-12-03 11:48:48.125 INFO  /contentProvider/getContent?contentProviderid=1:{} 
2017-12-03 11:49:47.950 INFO  /contentProvider/getContent?contentProviderid=1:{} 
2017-12-03 11:50:45.634 INFO  /contentProvider/getContent?contentProviderid=1:{} 
2017-12-03 11:53:13.960 INFO  /contentProvider/getContent?contentProviderId=1:{} 
2017-12-03 11:55:23.721 INFO  //viewer/getViewerContent?viewerId=1:{} 
2017-12-03 12:01:41.345 INFO  /viewer/login?email=%27shruti@gmail.com%27,password=%27shruti123:{} 
2017-12-03 12:11:27.912 INFO  /viewer/login:{"email":"shruti@gmail.com","password":"shruti123#"} 
2017-12-03 12:26:28.004 INFO  /viewer/login:{"email":"shruti@gmail.com","password":"shruti123#"} 
2017-12-03 12:34:47.027 INFO  /viewer/login:{"email":"shruti@gmail.com","password":"shruti123#"} 
2017-12-03 12:37:32.196 INFO  /viewer/login:{"email":"shruti@gmail.com","password":"shruti123#"} 
2017-12-03 12:37:54.756 INFO  /viewer/login:{"email":"shruti@gmail.com","password":"shruti123#"} 
2017-12-03 12:37:57.866 INFO  /viewer/login:{"email":"shruti@gmail.com","password":"shruti123#"} 
2017-12-03 12:39:12.049 INFO  /viewer/login:{"email":"shruti@gmail.com","password":"shruti123#"} 
2017-12-03 12:39:12.424 INFO  /viewer/getViewerContent?viewerId=5&format=json:{} 
2017-12-03 12:40:17.521 INFO  /adProvider/login:{"email":"shruti@gmail.com","password":"shruti123#"} 
2017-12-03 12:41:30.782 INFO  /contentProvider/login:{"email":"sony@gmail.com","password":"sony123#"} 
2017-12-03 12:41:53.998 INFO  /viewer/login:{"email":"shruti@gmail.com","password":"shruti123#"} 
2017-12-03 12:41:54.515 INFO  /viewer/getViewerContent?viewerId=5&format=json:{} 
2017-12-03 12:42:33.488 INFO  /contentProvider/login:{"email":"sony@gmail.com","password":"sony123#"} 
2017-12-03 12:43:48.770 INFO  /contentProvider/login:{"email":"sony@gmail.com","password":"sony123#"} 
2017-12-03 12:43:49.155 INFO  /contentProvider/getContent?contentProviderId=1&format=json:{} 
2017-12-03 12:44:03.981 INFO  /contentProvider/getContent?contentProviderId=1&format=json:{} 
2017-12-03 12:44:45.987 INFO  /adProvider/login:{"email":"advertiser1@gmail.com","password":"advertiser100"} 
2017-12-03 12:46:21.666 INFO  /admin/login:{"email":"admin@spartanflix.com","password":"admin"} 
2017-12-03 12:48:34.163 INFO  /viewer/getViewerContent?viewerId=1:{"email":"admin@spartanflix.com","password":"admin"} 
2017-12-03 13:03:38.285 INFO  /contentProvider/getContent?contentProviderId=1&format=json:{} 
2017-12-03 13:04:31.281 INFO  /contentProvider/getContent?contentProviderId=1&format=json:{} 
2017-12-03 13:04:48.086 INFO  /contentProvider/getContent?contentProviderId=1&format=json:{} 
2017-12-03 13:05:00.282 INFO  /contentProvider/getContent?contentProviderId=1&format=json:{} 
2017-12-03 13:05:15.732 INFO  /contentProvider/getContent?contentProviderId=1&format=json:{} 
2017-12-03 13:05:17.152 INFO  /viewer/getViewerContent:{"viewerId":"1","contentType":"mo","director":"","search":"d"} 
2017-12-03 13:05:28.772 INFO  /viewer/getViewerContent:{"viewerId":1,"contentType":"mo","director":"","search":"d"} 
2017-12-03 13:05:47.325 INFO  /viewer/getViewerContent:{"viewerId":1,"contentType":"mo","director":"","search":"d"} 
2017-12-03 13:05:55.007 INFO  /viewer/getViewerContent:{"viewerId":1,"contentType":"mo","director":"","search":"d"} 
2017-12-03 13:05:55.241 INFO  /contentProvider/getContent?contentProviderId=1&format=json:{} 
2017-12-03 13:06:09.866 INFO  /contentProvider/getContent?contentProviderId=1&format=json:{} 
2017-12-03 13:06:26.082 INFO  /contentProvider/getContent?contentProviderId=1&format=json:{} 
2017-12-03 13:07:25.473 INFO  /contentProvider/getContent?contentProviderId=1&format=json:{} 
2017-12-03 13:07:41.629 INFO  /contentProvider/getContent?contentProviderId=1&format=json:{} 
2017-12-03 13:07:53.016 INFO  /contentProvider/getContent?contentProviderId=1&format=json:{} 
2017-12-03 13:07:59.229 INFO  /contentProvider/getContent?contentProviderId=1&format=json:{} 
2017-12-03 13:09:39.880 INFO  /viewer/getViewerContent?viewerId=1,contentType=%22mo%22,director=%22%22,search=%22d%22:{} 
2017-12-03 13:10:02.861 INFO  /viewer/getViewerContent?viewerId=1,contentType=%22mo%22,director=%22%22,search=%22d%22:{} 
2017-12-03 13:11:01.036 INFO  /viewer/getViewerContent?viewerId=1,contentType=%22mo%22,director=%22%22,search=%22d%22:{} 
2017-12-03 13:13:42.028 INFO  /viewer/getViewerContent?viewerId=1,contentType=%22mo%22,director=%22%22,search=%22d%22:{} 
2017-12-03 13:14:33.320 INFO  /viewer/getViewerContent?viewerId=1&contentType=%22mo%22&director=%22%22&search=%22d%22:{} 
2017-12-03 13:18:27.459 INFO  /viewer/getViewerContent?viewerId=1&contentType=mo&director=%27%27&search=d:{} 
2017-12-03 13:22:43.985 INFO  /viewer/getViewerContent?viewerId=1&contentType=mo&director=null&search=d:{} 
2017-12-03 13:23:00.091 INFO  /viewer/getViewerContent?viewerId=1&contentType=mo&director=null&search=d:{} 
2017-12-03 13:24:57.361 INFO  /viewer/getViewerContent?viewerId=1&contentType=mo&director=null&search=d:{} 
2017-12-03 13:25:02.544 INFO  /contentProvider/getContent?contentProviderId=1&format=json:{} 
2017-12-03 13:25:05.736 INFO  /viewer/getViewerContent?viewerId=1&contentType=mo&director=null&search=d:{} 
2017-12-03 13:25:19.623 INFO  /viewer/getViewerContent?viewerId=1&contentType=mo&director=null&search=d:{} 
2017-12-03 13:27:15.823 INFO  /viewer/getViewerContent?viewerId=1&contentType=mo&director=null&search=d:{} 
2017-12-03 13:30:42.816 INFO  /viewer/getViewerContent?viewerId=1&contentType=mo&director=null&search=d:{} 
2017-12-03 13:30:58.020 INFO  /contentProvider/getContent?contentProviderId=1&format=json:{} 
2017-12-03 13:31:00.658 INFO  /viewer/getViewerContent?viewerId=1&contentType=mo&director=null&search=d:{} 
2017-12-03 13:31:13.320 INFO  /viewer/getViewerContent?viewerId=1&contentType=mo&director=null&search=d:{} 
2017-12-03 13:31:58.852 INFO  /viewer/getViewerContent?viewerId=1&contentType=mo&director=null&search=d:{} 
2017-12-03 13:32:10.978 INFO  /contentProvider/getContent?contentProviderId=1&format=json:{} 
2017-12-03 13:32:22.913 INFO  /viewer/getViewerContent?viewerId=1&contentType=mo&director=null&search=d:{} 
2017-12-03 13:33:56.864 INFO  /contentProvider/getContent?contentProviderId=1&format=json:{} 
2017-12-03 13:34:52.484 INFO  /viewer/getViewerContent?viewerId=1&contentType=mo&director=null&search=d:{} 
2017-12-03 13:36:39.096 INFO  /contentProvider/getContent?contentProviderId=1&format=json:{} 
2017-12-03 13:40:25.296 INFO  /viewer/getFavorites?viewerId=1:{} 
2017-12-03 13:42:09.513 INFO  /viewer/getHistory?viewerId=1:{} 
2017-12-03 13:42:24.189 INFO  /viewer/getHistory?viewerId=1:{} 
2017-12-03 13:43:14.606 INFO  /viewer/getHistory?viewerId=1:{} 
2017-12-03 13:44:37.909 INFO  /contentProvider/getContent?contentProviderId=1&format=json:{} 
2017-12-03 13:44:46.576 INFO  /viewer/getHistory?viewerId=1:{} 
2017-12-03 13:45:18.117 INFO  /viewer/getHistory?viewerId=1:{} 
2017-12-03 13:51:59.048 INFO  /contentProvider/getContent?contentProviderId=1,title=null,search=null:{} 
2017-12-03 13:52:27.304 INFO  /contentProvider/getContent?contentProviderId=1,title=null,search=null:{} 
2017-12-03 13:53:12.099 INFO  /contentProvider/getContent?contentProviderId=1&title=null&search=null:{} 
2017-12-03 13:54:28.383 INFO  /contentProvider/getContent?contentProviderId=1&format=json:{} 
2017-12-03 13:55:21.476 INFO  /contentProvider/getContent?contentProviderId=1&format=json:{} 
2017-12-03 13:56:30.014 INFO  /contentProvider/removeContent/contentId=14:{} 
2017-12-03 13:56:32.786 INFO  /contentProvider/getContent?contentProviderId=1&title=null&search=null:{} 
2017-12-03 13:56:40.434 INFO  /contentProvider/getContent?contentProviderId=1:{} 
2017-12-03 13:57:52.718 INFO  /contentProvider/getContent?contentProviderId=1&format=json:{} 
2017-12-03 13:58:48.395 INFO  /contentProvider/removeContent?contentId=14:{} 
2017-12-03 13:59:06.880 INFO  /contentProvider/getContent?contentProviderId=1&format=json:{} 
2017-12-03 13:59:19.306 INFO  /contentProvider/getContent?contentProviderId=1&format=json:{} 
2017-12-03 14:00:38.417 INFO  /contentProvider/getContent?contentProviderId=1&format=json:{} 
2017-12-03 14:01:53.329 INFO  /contentProvider/getContent?contentProviderId=1&format=json:{} 
2017-12-03 14:02:13.476 INFO  /contentProvider/removeContent?contentId=14:{"contentId":"14"} 
2017-12-03 14:05:56.862 INFO  /contentProvider/getContent?contentProviderId=1&format=json:{} 
2017-12-03 14:07:42.826 INFO  /contentProvider/getContent?contentProviderId=1&format=json:{} 
2017-12-03 14:09:49.517 INFO  /contentProvider/getContent?contentProviderId=1&format=json:{} 
2017-12-03 14:10:05.166 INFO  /contentProvider/getContent?contentProviderId=1&format=json:{} 
2017-12-03 14:10:08.352 INFO  /contentProvider/getContent?contentProviderId=1&format=json:{} 
2017-12-03 14:10:15.270 INFO  /contentProvider/getContent?contentProviderId=1&format=json:{} 
2017-12-03 14:10:22.624 INFO  /contentProvider/getContent?contentProviderId=1&format=json:{} 
2017-12-03 14:10:40.259 INFO  /contentProvider/getContent?contentProviderId=1&format=json:{} 
2017-12-03 14:10:43.201 INFO  /contentProvider/getContent?contentProviderId=1&format=json:{} 
2017-12-03 14:11:45.468 INFO  /contentProvider/getContent?contentProviderId=1&format=json:{} 
2017-12-03 14:11:55.207 INFO  /contentProvider/getContent?contentProviderId=1&format=json:{} 
2017-12-03 14:12:45.296 INFO  /contentProvider/getContent?contentProviderId=1&format=json:{} 
2017-12-03 14:13:10.315 INFO  /contentProvider/getContent?contentProviderId=1&format=json:{} 
2017-12-03 14:13:21.040 INFO  /contentProvider/getContent?contentProviderId=1&format=json:{} 
2017-12-03 14:13:53.319 INFO  /contentProvider/getContent?contentProviderId=1&format=json:{} 
2017-12-03 14:15:34.401 INFO  /contentProvider/getContent?contentProviderId=1&format=json:{} 
2017-12-03 14:16:22.407 INFO  /contentProvider/getContent?contentProviderId=1&format=json:{} 
2017-12-03 14:16:36.694 INFO  /contentProvider/getContent?contentProviderId=1&format=json:{} 
2017-12-03 14:17:06.395 INFO  /contentProvider/getContent?contentProviderId=1&format=json:{} 
2017-12-03 14:17:08.845 INFO  /contentProvider/getContent?contentProviderId=1&format=json:{} 
2017-12-03 14:17:21.028 INFO  /adProvider/getContent?adProviderId=1&search=null&title=null:{"contentId":"14"} 
2017-12-03 14:17:21.554 INFO  /contentProvider/getContent?contentProviderId=1&format=json:{} 
2017-12-03 14:17:25.778 INFO  /adProvider/getContent?adProviderId=1&search=null&title=null:{} 
2017-12-03 14:17:44.920 INFO  /contentProvider/getContent?contentProviderId=1&format=json:{} 
2017-12-03 14:18:01.484 INFO  /contentProvider/getContent?contentProviderId=1&format=json:{} 
2017-12-03 14:21:05.698 INFO  /contentProvider/getContent?contentProviderId=1&format=json:{} 
2017-12-03 14:21:43.108 INFO  /contentProvider/getContent?contentProviderId=1&format=json:{} 
2017-12-03 14:21:46.937 INFO  /adProvider/removeAd:{"advertisementId":"10"} 
2017-12-03 14:22:12.501 INFO  /adProvider/removeAd:{"advertisementId":"10"} 
2017-12-03 14:22:38.516 INFO  /contentProvider/getContent?contentProviderId=1&format=json:{} 
2017-12-03 14:22:58.435 INFO  /contentProvider/getContent?contentProviderId=1&format=json:{} 
2017-12-03 14:23:50.088 INFO  /adProvider/removeAd?advertisementId=14:{"advertisementId":"10"} 
2017-12-03 14:24:20.957 INFO  /adProvider/removeAd?advertisementId=9:{"advertisementId":"10"} 
2017-12-03 14:24:45.364 INFO  /adProvider/removeAd?advertisementId=9:{"advertisementId":"10"} 
2017-12-03 14:25:50.193 INFO  /adProvider/removeAd?advertisementId=8:{"advertisementId":"10"} 
2017-12-03 14:28:22.877 INFO  /adProvider/removeAd:{"advertisementId":"7"} 
2017-12-03 14:29:28.326 INFO  /contentProvider/getContent?contentProviderId=1&format=json:{} 
2017-12-03 14:30:38.764 INFO  /contentProvider/getContent?contentProviderId=1&format=json:{} 
2017-12-03 14:30:51.779 INFO  /admin/getAllContentAndAds:{} 
2017-12-03 14:32:15.484 INFO  /contentProvider/getContent?contentProviderId=1&format=json:{} 
2017-12-03 14:32:19.023 INFO  /contentProvider/removeContent:{"contentId":"1"} 
2017-12-03 14:32:25.138 INFO  /contentProvider/getContent?contentProviderId=1&format=json:{} 
2017-12-03 14:35:09.757 INFO  /contentProvider/getContent?contentProviderId=1&format=json:{} 
2017-12-03 14:35:59.489 INFO  /admin/getAllContentAndAds:{} 
2017-12-03 14:36:01.292 INFO  /adProvider/login:{"email":"shruti@gmail.com","password":"shruti123#"} 
2017-12-03 14:36:40.008 INFO  /admin/getAllContentAndAds:{} 
2017-12-03 14:37:15.806 INFO  /admin/getAllContentAndAds:{} 
2017-12-03 14:37:24.113 INFO  /viewer/login:{"email":"shruti@gmail.com","password":"shruti123#"} 
2017-12-03 14:42:48.170 INFO  /adProvider/login:{"email":"advertiser1@gmail.com","password":"advertiser100"} 
2017-12-03 14:43:06.345 INFO  /adProvider/login:{"email":"advertiser1@gmail.com","password":"advertiser100"} 
2017-12-03 14:45:51.897 INFO  /adProvider/getContent:{} 
2017-12-03 14:46:43.486 INFO  /adProvider/getContent?adProviderId=1:{} 
2017-12-03 14:47:38.673 INFO  /adProvider/getContent?adProviderId=1&format=json:{} 
2017-12-03 14:51:07.014 INFO  /adProvider/getContent?adProviderId=1:{} 
2017-12-03 14:51:36.394 INFO  /adProvider/getContent?adProviderId=1&format=json:{} 
2017-12-03 14:55:28.723 INFO  /adProvider/getContent?adProviderId=1&format=json:{} 
2017-12-03 14:55:32.656 INFO  /adProvider/removeAd:{"advertisementId":"4"} 
2017-12-03 14:55:39.672 INFO  /admin/approveDisaproveItem:{"id":"1","isApproved":"1","type":"advertisement"} 
2017-12-03 14:56:14.198 INFO  /admin/approveDisaproveItem:{"id":"2","isApproved":"1","type":"movies"} 
2017-12-03 14:59:34.999 INFO  /adProvider/getAllSubscriptions?adProviderId=1&subscriptionId=1&format=json:{} 
2017-12-03 15:01:04.636 INFO  /adProvider/getContent?adProviderId=1&format=json:{} 
2017-12-03 15:04:44.520 INFO  /adProvider/getContent?adProviderId=1:{} 
2017-12-03 15:11:18.286 INFO  /admin/getAllContentAndAds:{} 
2017-12-03 15:11:20.496 INFO  /admin/getAllContentAndAds:{} 
2017-12-03 15:11:48.997 INFO  /admin/login:{"email":"admin@spartanflix.com","password":"admin"} 
2017-12-03 15:15:02.363 INFO  /admin/contents?adminId=1&format=json:{} 
2017-12-03 15:18:06.507 INFO  /admin/getAllContentAndAds?format=json:{} 
2017-12-03 15:18:43.668 INFO  /viewer/getAllSubscriptions:{"id":"1","isApproved":"1","type":"advertisement"} 
2017-12-03 15:18:55.199 INFO  /viewer/getAllSubscriptions:{} 
2017-12-03 15:19:15.408 INFO  /admin/getAllContentAndAds?format=json:{} 
2017-12-03 15:22:09.924 INFO  /admin/getAllContentAndAds?format=json:{} 
2017-12-03 15:23:16.860 INFO  /admin/getAllContentAndAds?format=json:{} 
2017-12-03 15:25:20.992 INFO  /viewer/changeSubscription:{"viewerId":"2","subscriptionId":"5"} 
2017-12-03 15:29:43.620 INFO  /adProvider/changeSubscription:{"adProviderId":"5","subscriptionId":"1"} 
2017-12-03 15:29:56.061 INFO  /adProvider/changeSubscription:{"adProviderId":"5","subscriptionId":"2"} 
2017-12-03 15:30:11.751 INFO  /admin/getAllContentAndAds?format=json:{} 
2017-12-03 15:31:26.766 INFO  /admin/getAllContentAndAds?format=json:{} 
2017-12-03 15:33:27.301 INFO  /adProvider/getAllSubscriptions:{} 
2017-12-03 15:36:14.444 INFO  /admin/getAllContentAndAds?format=json:{} 
2017-12-03 15:45:27.499 INFO  /admin/getAllContentAndAds?format=json:{} 
2017-12-03 16:09:53.485 INFO  /admin/getAllContentAndAds?format=json:{} 
2017-12-03 16:10:23.664 INFO  /admin/getAllContentAndAds?format=json:{} 
2017-12-03 16:10:31.561 INFO  /admin/getAllContentAndAds?format=json:{} 
2017-12-03 16:10:49.954 INFO  /admin/getAllContentAndAds?format=json:{} 
2017-12-03 16:12:40.369 INFO  /admin/getAllContentAndAds?format=json:{} 
2017-12-03 16:13:37.344 INFO  /admin/getAllContentAndAds?format=json:{} 
2017-12-03 16:13:54.787 INFO  /admin/getAllContentAndAds?format=json:{} 
2017-12-03 16:16:42.209 INFO  /admin/getAllContentAndAds?format=json:{} 
2017-12-03 16:16:47.930 INFO  /admin/getAllContentAndAds?format=json:{} 
2017-12-03 16:17:19.710 INFO  /admin/getAllContentAndAds?format=json:{} 
2017-12-03 16:17:27.993 INFO  /admin/getAllContentAndAds?format=json:{} 
2017-12-03 16:17:33.222 INFO  /admin/getAllContentAndAds?format=json:{} 
2017-12-03 16:17:48.892 INFO  /admin/getAllContentAndAds?format=json:{} 
2017-12-03 16:17:59.155 INFO  /admin/getAllContentAndAds?format=json:{} 
2017-12-03 16:18:11.097 INFO  /admin/getAllContentAndAds?format=json:{} 
2017-12-03 16:18:18.312 INFO  /admin/getAllContentAndAds?format=json:{} 
2017-12-03 16:29:34.754 INFO  /admin/getAllContentAndAds?format=json:{} 
2017-12-03 16:30:19.111 INFO  /admin/getAllContentAndAds?format=json:{} 
2017-12-03 16:30:24.159 INFO  /admin/getAllContentAndAds?format=json:{} 
2017-12-03 16:30:29.143 INFO  /admin/getAllContentAndAds?format=json:{} 
2017-12-03 16:30:37.408 INFO  /admin/getAllContentAndAds?format=json:{} 
2017-12-03 16:30:44.341 INFO  /admin/getAllContentAndAds?format=json:{} 
2017-12-03 16:30:46.589 INFO  /admin/getAllContentAndAds?format=json:{} 
2017-12-03 16:33:02.743 INFO  /admin/getAllContentAndAds?format=json:{} 
2017-12-03 16:33:05.801 INFO  /viewer/signup:{"emailID":"theta@gmail.com","fname":"theta","lname":"delta","password":"theta","startDate":"2017-01-01 09:10:40","mainSubscriberId":"1","subscriptionId":"1","dependentEmail":"beta@gmail.com"} 
2017-12-03 16:33:07.800 INFO  /admin/getAllContentAndAds?format=json:{} 
2017-12-03 16:34:13.557 INFO  /admin/getAllContentAndAds?format=json:{} 
2017-12-03 16:34:53.649 INFO  /viewer/signup:{"emailID":"theta@gmail.com","fname":"theta","lname":"delta","password":"theta","startDate":"2017-01-01 09:10:40","mainSubscriberId":"1","subscriptionId":"1","dependentEmail":"beta@gmail.com"} 
2017-12-03 16:35:33.178 INFO  /viewer/signup:{"emailId":"theta@gmail.com","fname":"theta","lname":"delta","password":"theta","startDate":"2017-01-01 09:10:40","mainSubscriberId":"1","subscriptionId":"1","dependentEmail":"beta@gmail.com"} 
2017-12-03 16:35:47.362 INFO  /admin/getAllContentAndAds?format=json:{} 
2017-12-03 16:36:10.560 INFO  /viewer/signup:{"emailId":"theta@gmail.com","fname":"theta","lname":"delta","password":"theta","startDate":"2017-01-01 09:10:40","mainSubscriberId":"1","subscriptionId":"1","dependentEmail":"beta@gmail.com"} 
2017-12-03 16:36:37.937 INFO  /viewer/signup:{"emailId":"theta@gmail.com","fname":"theta","lname":"delta","password":"theta","startDate":"2017-01-01 09:10:40","mainSubscriberId":"1","subscriptionId":"1","dependentEmail":"beta@gmail.com"} 
2017-12-03 16:38:24.156 INFO  /viewer/signup:{"emailId":"theta@gmail.com","fname":"theta","lname":"delta","password":"theta","startDate":"2017-01-01 09:10:40","mainSubscriberId":"1","subscriptionId":"1","dependentEmail":"beta@gmail.com"} 
2017-12-03 16:39:05.808 INFO  /admin/getAllContentAndAds?format=json:{} 
2017-12-03 16:39:13.701 INFO  /admin/getAllContentAndAds?format=json:{} 
2017-12-03 16:39:45.677 INFO  /viewer/signup:{"emailId":"theta@gmail.com","fname":"theta","lname":"delta","password":"theta","startDate":"2017-01-01 09:10:40","mainSubscriberId":"1","subscriptionId":"1","dependentEmail":"beta@gmail.com"} 
2017-12-03 16:45:51.481 INFO  /admin/getAllContentAndAds?format=json:{} 
2017-12-03 16:45:58.261 INFO  /admin/approveDisaproveItem:{"id":"","isApproved":"","type":""} 
2017-12-03 16:45:58.916 INFO  /admin/getAllContentAndAds?format=json:{} 
2017-12-03 16:46:05.260 INFO  /admin/getAllContentAndAds?format=json:{} 
2017-12-03 16:46:50.335 INFO  /admin/getAllContentAndAds?format=json:{} 
2017-12-03 16:46:58.331 INFO  /admin/approveDisaproveItem:{"id":"","isApproved":"","type":""} 
2017-12-03 16:46:58.995 INFO  /admin/getAllContentAndAds?format=json:{} 
2017-12-03 16:47:47.155 INFO  /admin/getAllContentAndAds?format=json:{} 
2017-12-03 16:47:54.234 INFO  /admin/approveDisaproveItem:{"id":"","isApproved":"","type":""} 
2017-12-03 16:47:54.897 INFO  /admin/getAllContentAndAds?format=json:{} 
2017-12-03 16:48:48.297 INFO  /admin/getAllContentAndAds?format=json:{} 
2017-12-03 16:48:51.442 INFO  /admin/getAllContentAndAds?format=json:{} 
2017-12-03 16:48:59.814 INFO  /admin/approveDisaproveItem:{"id":"","isApproved":"","type":""} 
2017-12-03 16:49:00.488 INFO  /admin/getAllContentAndAds?format=json:{} 
2017-12-03 16:49:23.614 INFO  /admin/getAllContentAndAds?format=json:{} 
2017-12-03 16:49:38.154 INFO  /admin/approveDisaproveItem:{"id":"","isApproved":"","type":""} 
2017-12-03 16:49:38.739 INFO  /admin/getAllContentAndAds?format=json:{} 
2017-12-03 16:51:13.622 INFO  /adProvider/signup:{"emailId":"theta@gmail.com","fname":"theta","lname":"delta","password":"theta","startDate":"2017-01-01 09:10:40","subscriptionId":"1"} 
2017-12-03 16:51:45.559 INFO  /admin/getAllContentAndAds?format=json:{} 
2017-12-03 16:51:53.778 INFO  /admin/approveDisaproveItem:{"id":"","isApproved":"No","type":"documentry"} 
2017-12-03 16:51:54.436 INFO  /admin/getAllContentAndAds?format=json:{} 
2017-12-03 16:52:00.856 INFO  /adProvider/signup:{"emailId":"theta@gmail.com","fname":"theta","lname":"delta","password":"theta","startDate":"2017-01-01 09:10:40","subscriptionId":"1"} 
2017-12-03 16:52:06.716 INFO  /adProvider/signup:{"emailId":"theta@gmail.com","fname":"theta","lname":"delta","password":"theta","startDate":"2017-01-01 09:10:40","subscriptionId":"1"} 
2017-12-03 16:53:22.853 INFO  /admin/getAllContentAndAds?format=json:{} 
2017-12-03 16:54:53.785 INFO  /admin/getAllContentAndAds?format=json:{} 
2017-12-03 16:55:03.315 INFO  /admin/approveDisaproveItem:{"id":"","isApproved":"No","type":"documentry"} 
2017-12-03 16:55:03.699 INFO  /admin/getAllContentAndAds?format=json:{} 
2017-12-03 16:56:41.628 INFO  /admin/login:{"email":"admin@spartanflix.com","password":"admin"} 
2017-12-03 16:57:24.998 INFO  /contentProvider/signup:{"emailId":"theta@gmail.com","password":"theta","name":"theta delta"} 
2017-12-03 16:57:53.799 INFO  /admin/getAllContentAndAds?format=json:{} 
2017-12-03 16:58:40.827 INFO  /admin/approveDisaproveItem:{"id":"","isApproved":"No","type":"documentry"} 
2017-12-03 16:58:41.637 INFO  /admin/getAllContentAndAds?format=json:{} 
2017-12-03 16:58:43.216 INFO  /admin/getAllContentAndAds?format=json:{} 
2017-12-03 16:58:50.297 INFO  /admin/approveDisaproveItem:{"id":"2","isApproved":"No","type":"documentry"} 
2017-12-03 16:58:50.761 INFO  /admin/getAllContentAndAds?format=json:{} 
2017-12-03 16:58:57.480 INFO  /admin/getAllContentAndAds?format=json:{} 
2017-12-03 16:59:06.759 INFO  /admin/approveDisaproveItem:{"id":"2","isApproved":"No","type":"documentry"} 
2017-12-03 16:59:07.486 INFO  /admin/getAllContentAndAds?format=json:{} 
2017-12-03 16:59:26.037 INFO  /admin/getAllContentAndAds?format=json:{} 
2017-12-03 16:59:37.178 INFO  /admin/approveDisaproveItem:{"id":"2","isApproved":"No","type":"documentry"} 
2017-12-03 16:59:37.292 INFO  /admin/getAllContentAndAds?format=json:{} 
2017-12-03 17:01:51.294 INFO  /admin/getAllContentAndAds?format=json:{} 
2017-12-03 17:02:06.295 INFO  /admin/approveDisaproveItem:{"id":"2","isApproved":"No","type":"documentry"} 
2017-12-03 17:02:09.718 INFO  /admin/getAllContentAndAds?format=json:{} 
2017-12-03 17:03:29.463 INFO  /admin/approveDisaproveItem:{"id":"2","isApproved":"No","type":"documentry"} 
2017-12-03 17:03:30.248 INFO  /admin/getAllContentAndAds?format=json:{} 
2017-12-03 17:03:36.858 INFO  /admin/approveDisaproveItem:{"id":"2","isApproved":"0","type":"documentry"} 
2017-12-03 17:03:37.588 INFO  /admin/getAllContentAndAds?format=json:{} 
2017-12-03 17:03:49.897 INFO  /admin/approveDisaproveItem:{"id":"3","isApproved":"0","type":"documentry"} 
2017-12-03 17:03:50.310 INFO  /admin/getAllContentAndAds?format=json:{} 
2017-12-03 17:03:56.168 INFO  /admin/approveDisaproveItem:{"id":"2","isApproved":"1","type":"documentry"} 
2017-12-03 17:03:56.770 INFO  /admin/getAllContentAndAds?format=json:{} 
2017-12-03 17:08:04.721 INFO  /viewer/login:{"email":"shruti@gmail.com","password":"shruti123#"} 
2017-12-03 17:08:05.491 INFO  /viewer/getViewerContent?viewerId=5&format=json:{} 
2017-12-03 17:08:58.152 INFO  /contentProvider/login:{"email":"sony@gmail.com","password":"sony123#"} 
2017-12-03 17:08:59.153 INFO  /contentProvider/getContent?contentProviderId=1&format=json:{} 
2017-12-03 17:09:29.096 INFO  /adProvider/login:{"email":"advertiser1@gmail.com","password":"advertiser100"} 
2017-12-03 17:09:29.754 INFO  /adProvider/getContent?adProviderId=1&format=json:{} 
2017-12-03 17:09:55.572 INFO  /admin/login:{"email":"admin@spartanflix.com","password":"admin"} 
2017-12-03 17:09:56.243 INFO  /admin/getAllContentAndAds?format=json:{} 
2017-12-03 17:12:56.077 INFO  /admin/login:{"email":"admin@spartanflix.com","password":"admin"} 
2017-12-03 17:12:56.091 INFO  /admin/login:{"email":"admin@spartanflix.com","password":"admin"} 
2017-12-03 17:12:57.074 INFO  /admin/getAllContentAndAds?format=json:{} 
2017-12-03 17:13:35.073 INFO  /admin/approveDisaproveItem:{"id":"2","isApproved":"0","type":"documentry"} 
2017-12-03 17:13:35.765 INFO  /admin/getAllContentAndAds?format=json:{} 
2017-12-03 17:18:59.374 INFO  /%20/viewer/getViewerContent?viewerId=1:{} 
2017-12-03 17:19:16.195 INFO  /%20/viewer/getViewerContent?viewerId=5:{} 
2017-12-03 17:19:39.756 INFO  /viewer/login:{"email":"shruti@gmail.com","password":"shruti123#"} 
2017-12-03 17:19:40.422 INFO  /viewer/getViewerContent?viewerId=5&format=json:{} 
2017-12-03 17:20:10.146 INFO  /%20/viewer/getViewerContent?viewerId=1:{} 
2017-12-03 17:20:57.923 INFO  /%20/viewer/getViewerContent?viewerId=1:{} 
2017-12-03 17:21:00.759 INFO  /%20/viewer/getViewerContent?viewerId=1:{} 
2017-12-03 17:21:02.098 INFO  /%20/viewer/getViewerContent?viewerId=1:{} 
2017-12-03 17:21:03.006 INFO  /%20/viewer/getViewerContent?viewerId=1:{} 
2017-12-03 17:21:03.402 INFO  /%20/viewer/getViewerContent?viewerId=1:{} 
2017-12-03 17:21:53.092 INFO  /adProvider/login:{"email":"advertiser1@gmail.com","password":"advertisement100"} 
2017-12-03 17:22:04.281 INFO  /adProvider/login:{"email":"advertiser1@gmail.com","password":"advertisement100"} 
2017-12-03 17:23:36.858 INFO  /adProvider/login:{"email":"advertiser1@gmail.com","password":"advertiser100"} 
2017-12-03 17:23:37.544 INFO  /adProvider/getContent?adProviderId=1&format=json:{} 
2017-12-03 17:24:21.291 INFO  /adProvider/removeAd:{"advertisementId":"1"} 
2017-12-03 17:24:26.127 INFO  /adProvider/getContent?adProviderId=1&format=json:{} 
2017-12-03 17:25:50.363 INFO  /contentProvider/login:{"email":"sony@gmail.com","password":"sony123#"} 
2017-12-03 17:25:51.375 INFO  /contentProvider/getContent?contentProviderId=1&format=json:{} 
2017-12-03 17:28:42.077 INFO  /viewer/getViewerContent?viewerId=1:{} 
2017-12-03 17:29:02.633 INFO  /viewer/getViewerContent?viewerId=1&contentType=mo&director=null&search=d:{} 
2017-12-03 17:29:24.514 INFO  /viewer/getViewerContent?viewerId=1&contentType=null&director=null&search=null:{} 
2017-12-03 17:36:52.852 INFO  /viewer/login:{"email":"shruti@gmail.com","password":"shruti123#"} 
2017-12-03 17:36:53.082 INFO  /viewer/getViewerContent?viewerId=5&format=json:{} 
2017-12-03 17:37:29.571 INFO  /viewer/getViewerContent?viewerId=5&contentType=null&director=null&search=null&format=json:{} 
2017-12-03 17:37:40.361 INFO  /viewer/getViewerContent?viewerId=5&contentType=null&director=null&search=null&format=json:{} 
2017-12-03 17:46:32.637 INFO  /viewer/getViewerContent?viewerId=5&contentType=null&director=null&search=null&format=json:{} 
2017-12-03 17:47:48.686 INFO  /viewer/getViewerContent?viewerId=5&contentType=null&director=null&search=null&format=json:{} 
2017-12-03 17:49:38.871 INFO  /viewer/getViewerContent?viewerId=5&contentType=null&director=null&search=null&format=json:{} 
2017-12-03 17:50:20.200 INFO  /viewer/getViewerContent?viewerId=5&contentType=null&director=null&search=null&format=json:{} 
2017-12-03 17:50:29.952 INFO  /viewer/getViewerContent?viewerId=5&contentType=null&director=null&search=null&format=json:{} 
2017-12-03 17:50:45.533 INFO  /viewer/getViewerContent?viewerId=5&contentType=null&director=null&search=null&format=json:{} 
2017-12-03 17:51:41.446 INFO  /viewer/getViewerContent?viewerId=5&contentType=null&director=null&search=null&format=json:{} 
2017-12-03 17:51:58.751 INFO  /viewer/getViewerContent?viewerId=5&contentType=null&director=null&search=null&format=json:{} 
2017-12-03 17:52:27.489 INFO  /viewer/getViewerContent?viewerId=5&contentType=null&director=null&search=null&format=json:{} 
2017-12-03 17:52:42.996 INFO  /viewer/getViewerContent?viewerId=5&contentType=null&director=null&search=null&format=json:{} 
2017-12-03 17:54:43.892 INFO  /viewer/getViewerContent?viewerId=5&contentType=null&director=null&search=null&format=json:{} 
2017-12-03 17:54:52.978 INFO  /viewer/getViewerContent?viewerId=5&contentType=null&director=null&search=null&format=json:{} 
2017-12-03 17:55:26.624 INFO  /viewer/getViewerContent?viewerId=5&contentType=null&director=null&search=null&format=json:{} 
2017-12-03 17:59:00.167 INFO  /viewer/login:{"email":"rushikesh@gmail.com","password":"rushikesh123"} 
2017-12-03 17:59:03.770 INFO  /viewer/login:{"email":"rushikesh@gmail.com","password":"rushikesh123"} 
2017-12-03 17:59:04.351 INFO  /viewer/login:{"email":"rushikesh@gmail.com","password":"rushikesh123"} 
2017-12-03 17:59:04.530 INFO  /viewer/login:{"email":"rushikesh@gmail.com","password":"rushikesh123"} 
2017-12-03 17:59:04.739 INFO  /viewer/login:{"email":"rushikesh@gmail.com","password":"rushikesh123"} 
2017-12-03 17:59:39.743 INFO  /viewer/login:{"email":"rushikesh@gmail.com","password":"pass_key"} 
2017-12-03 17:59:41.357 INFO  /viewer/login:{"email":"rushikesh@gmail.com","password":"pass_key"} 
2017-12-03 17:59:42.528 INFO  /viewer/login:{"email":"rushikesh@gmail.com","password":"pass_key"} 
2017-12-03 17:59:43.542 INFO  /viewer/login:{"email":"rushikesh@gmail.com","password":"pass_key"} 
2017-12-03 17:59:43.724 INFO  /viewer/login:{"email":"rushikesh@gmail.com","password":"pass_key"} 
2017-12-03 17:59:43.911 INFO  /viewer/login:{"email":"rushikesh@gmail.com","password":"pass_key"} 
2017-12-03 17:59:44.070 INFO  /viewer/login:{"email":"rushikesh@gmail.com","password":"pass_key"} 
2017-12-03 17:59:44.321 INFO  /viewer/login:{"email":"rushikesh@gmail.com","password":"pass_key"} 
2017-12-03 17:59:44.523 INFO  /viewer/login:{"email":"rushikesh@gmail.com","password":"pass_key"} 
2017-12-03 17:59:49.846 INFO  /viewer/getViewerContent?viewerId=5&contentType=null&director=null&search=null&format=json:{} 
2017-12-03 18:00:05.453 INFO  /viewer/login:{"email":"rushikesh@gmail.com","password":"rushikesh123#"} 
2017-12-03 18:00:05.889 INFO  /viewer/getViewerContent?viewerId=4&format=json:{} 
2017-12-03 18:00:24.941 INFO  /viewer/getViewerContent?viewerId=5&contentType=null&director=null&search=null&format=json:{} 
2017-12-03 18:00:34.433 INFO  /viewer/getViewerContent?viewerId=5&contentType=null&director=null&search=null&format=json:{} 
2017-12-03 18:01:13.248 INFO  /viewer/getViewerContent?viewerId=5&contentType=null&director=null&search=null&format=json:{} 
2017-12-03 18:01:35.614 INFO  /viewer/getViewerContent?viewerId=5&contentType=null&director=null&search=null&format=json:{} 
2017-12-03 18:02:30.461 INFO  /viewer/login:{"email":"shruti@gmail.com","password":"shruti123#"} 
2017-12-03 18:02:30.801 INFO  /viewer/getViewerContent?viewerId=5&contentType=null&director=null&search=null&format=json:{} 
2017-12-03 18:05:07.705 INFO  /contentProvider/login:{"email":"sony@gmail.com","password":"sony123#"} 
2017-12-03 18:05:08.144 INFO  /contentProvider/getContent?contentProviderId=1&format=json:{} 
2017-12-03 18:06:32.611 INFO  /viewer/login:{"email":"rushikesh@gmail.com","password":"rushikesh123#"} 
2017-12-03 18:06:33.043 INFO  /viewer/getViewerContent?viewerId=4&format=json:{} 
2017-12-03 18:07:32.542 INFO  /contentProvider/login:{"email":"sony@gmail.com","password":"sony123#"} 
2017-12-03 18:07:33.385 INFO  /contentProvider/getContent?contentProviderId=1&format=json:{} 
2017-12-03 18:10:21.310 INFO  /viewer/getViewerContent?viewerId=5&contentType=null&director=null&search=null&format=json:{} 
2017-12-03 18:12:09.138 INFO  /contentProvider/login:{"email":"sony@gmail.com","password":"sony123#"} 
2017-12-03 18:12:09.563 INFO  /contentProvider/getContent?contentProviderId=1&format=json:{} 
2017-12-03 18:12:15.701 INFO  /viewer/getViewerContent?viewerId=5&contentType=null&director=null&search=null&format=json:{} 
2017-12-03 18:13:38.231 INFO  /viewer/getViewerContent?viewerId=5&contentType=null&director=null&search=null&format=json:{} 
2017-12-03 18:14:32.940 INFO  /contentProvider/uploadContent:{"title":"","description":"","director":"","type":"1","contentProviderId":"1"} 
2017-12-03 18:14:33.412 INFO  /contentProvider/getContent?contentProviderId=1&format=json:{} 
2017-12-03 18:15:10.489 INFO  /contentProvider/getContent?contentProviderId=1&format=json:{} 
2017-12-03 18:22:22.486 INFO  /viewer/getFavorites?viewerId=1:{} 
2017-12-03 18:22:34.023 INFO  /viewer/getViewerContent?viewerId=5&contentType=null&director=null&search=null&format=json:{} 
2017-12-03 18:23:32.364 INFO  /viewer/getViewerContent?viewerId=5&contentType=null&director=null&search=null&format=json:{} 
2017-12-03 18:23:32.368 INFO  /viewer/getFavorites?viewerId=5&format=json:{} 
2017-12-03 18:24:15.174 INFO  /viewer/getViewerContent?viewerId=5&contentType=null&director=null&search=null&format=json:{} 
2017-12-03 18:24:15.176 INFO  /viewer/getFavorites?viewerId=5&format=json:{} 
2017-12-03 18:25:33.722 INFO  /viewer/getViewerContent?viewerId=5&contentType=null&director=null&search=null&format=json:{} 
2017-12-03 18:25:33.744 INFO  /viewer/getFavorites?viewerId=5&format=json:{} 
2017-12-03 18:25:48.906 INFO  /admin/login:{"email":"admin@spartanflix.xom","password":"admin"} 
2017-12-03 18:25:58.689 INFO  /admin/login:{"email":"admin@spartanflix.xom","password":"admin"} 
2017-12-03 18:25:58.705 INFO  /admin/login:{"email":"admin@spartanflix.xom","password":"admin"} 
2017-12-03 18:25:58.725 INFO  /admin/login:{"email":"admin@spartanflix.xom","password":"admin"} 
2017-12-03 18:25:58.736 INFO  /admin/login:{"email":"admin@spartanflix.xom","password":"admin"} 
2017-12-03 18:25:58.748 INFO  /admin/login:{"email":"admin@spartanflix.xom","password":"admin"} 
2017-12-03 18:25:58.767 INFO  /admin/login:{"email":"admin@spartanflix.xom","password":"admin"} 
2017-12-03 18:25:58.789 INFO  /admin/login:{"email":"admin@spartanflix.xom","password":"admin"} 
2017-12-03 18:25:58.810 INFO  /admin/login:{"email":"admin@spartanflix.xom","password":"admin"} 
2017-12-03 18:25:58.983 INFO  /admin/login:{"email":"admin@spartanflix.xom","password":"admin"} 
2017-12-03 18:25:59.001 INFO  /admin/login:{"email":"admin@spartanflix.xom","password":"admin"} 
2017-12-03 18:25:59.015 INFO  /admin/login:{"email":"admin@spartanflix.xom","password":"admin"} 
2017-12-03 18:25:59.033 INFO  /admin/login:{"email":"admin@spartanflix.xom","password":"admin"} 
2017-12-03 18:25:59.051 INFO  /admin/login:{"email":"admin@spartanflix.xom","password":"admin"} 
2017-12-03 18:25:59.069 INFO  /admin/login:{"email":"admin@spartanflix.xom","password":"admin"} 
2017-12-03 18:25:59.082 INFO  /admin/login:{"email":"admin@spartanflix.xom","password":"admin"} 
2017-12-03 18:25:59.095 INFO  /admin/login:{"email":"admin@spartanflix.xom","password":"admin"} 
2017-12-03 18:25:59.105 INFO  /admin/login:{"email":"admin@spartanflix.xom","password":"admin"} 
2017-12-03 18:25:59.115 INFO  /admin/login:{"email":"admin@spartanflix.xom","password":"admin"} 
2017-12-03 18:26:00.896 INFO  /admin/login:{"email":"admin@spartanflix.xom","password":"admin"} 
2017-12-03 18:26:01.816 INFO  /admin/login:{"email":"admin@spartanflix.xom","password":"admin"} 
2017-12-03 18:26:02.098 INFO  /admin/login:{"email":"admin@spartanflix.xom","password":"admin"} 
2017-12-03 18:26:02.351 INFO  /admin/login:{"email":"admin@spartanflix.xom","password":"admin"} 
2017-12-03 18:26:02.596 INFO  /admin/login:{"email":"admin@spartanflix.xom","password":"admin"} 
2017-12-03 18:26:03.233 INFO  /admin/login:{"email":"admin@spartanflix.xom","password":"admin"} 
2017-12-03 18:26:03.275 INFO  /admin/login:{"email":"admin@spartanflix.xom","password":"admin"} 
2017-12-03 18:26:03.634 INFO  /admin/login:{"email":"admin@spartanflix.xom","password":"admin"} 
2017-12-03 18:26:04.049 INFO  /admin/login:{"email":"admin@spartanflix.xom","password":"admin"} 
2017-12-03 18:26:04.420 INFO  /admin/login:{"email":"admin@spartanflix.xom","password":"admin"} 
2017-12-03 18:26:21.616 INFO  /admin/login:{"email":"admin@spartanflix.com","password":"admin"} 
2017-12-03 18:26:22.142 INFO  /admin/getAllContentAndAds?format=json:{} 
2017-12-03 18:26:47.690 INFO  /admin/login:{"email":"admin@spartanflix.com","password":"admin"} 
2017-12-03 18:26:48.111 INFO  /admin/getAllContentAndAds?format=json:{} 
2017-12-03 18:27:03.022 INFO  /viewer/getViewerContent?viewerId=5&contentType=null&director=null&search=null&format=json:{} 
2017-12-03 18:27:03.033 INFO  /viewer/getFavorites?viewerId=5&format=json:{} 
2017-12-03 18:27:22.062 INFO  /viewer/getViewerContent?viewerId=5&contentType=null&director=null&search=null&format=json:{} 
2017-12-03 18:27:22.072 INFO  /viewer/getFavorites?viewerId=5&format=json:{} 
2017-12-03 18:28:20.904 INFO  /viewer/getViewerContent?viewerId=5&contentType=null&director=null&search=null&format=json:{} 
2017-12-03 18:28:20.907 INFO  /viewer/getFavorites?viewerId=5&format=json:{} 
2017-12-03 18:28:27.455 INFO  /admin/approveDisaproveItem:{"id":"2","isApproved":"1","type":"documentry"} 
2017-12-03 18:28:27.948 INFO  /admin/getAllContentAndAds?format=json:{} 
2017-12-03 18:29:09.431 INFO  /viewer/getViewerContent?viewerId=5&contentType=null&director=null&search=null&format=json:{} 
2017-12-03 18:29:09.434 INFO  /viewer/getFavorites?viewerId=5&format=json:{} 
2017-12-03 18:29:56.859 INFO  /viewer/getViewerContent?viewerId=5&contentType=null&director=null&search=null&format=json:{} 
2017-12-03 18:29:56.861 INFO  /viewer/getFavorites?viewerId=5&format=json:{} 
2017-12-03 18:30:41.821 INFO  /viewer/getViewerContent?viewerId=5&contentType=null&director=null&search=null&format=json:{} 
2017-12-03 18:30:41.828 INFO  /viewer/getFavorites?viewerId=5&format=json:{} 
2017-12-03 18:31:03.224 INFO  /viewer/getViewerContent?viewerId=5&contentType=null&director=null&search=null&format=json:{} 
2017-12-03 18:31:03.238 INFO  /viewer/getFavorites?viewerId=5&format=json:{} 
2017-12-03 18:31:47.905 INFO  /viewer/getFavorites?viewerId=1:{} 
2017-12-03 18:32:42.302 INFO  /viewer/getViewerContent?viewerId=5&contentType=null&director=null&search=null&format=json:{} 
2017-12-03 18:32:42.704 INFO  /viewer/getFavorites?viewerId=5&format=json:{} 
2017-12-03 18:32:56.306 INFO  /viewer/getViewerContent?viewerId=5&contentType=null&director=null&search=null&format=json:{} 
2017-12-03 18:32:56.311 INFO  /viewer/getFavorites?viewerId=5&format=json:{} 
2017-12-03 18:33:03.080 INFO  /viewer/getViewerContent?viewerId=5&contentType=null&director=null&search=null&format=json:{} 
2017-12-03 18:33:03.088 INFO  /viewer/getFavorites?viewerId=5&format=json:{} 
2017-12-03 18:34:28.636 INFO  /extra:{"adProviderId":"5","subscriptionId":"2"} 
2017-12-03 18:34:30.945 INFO  /viewer/getViewerContent?viewerId=5&contentType=null&director=null&search=null&format=json:{} 
2017-12-03 18:34:30.962 INFO  /viewer/getFavorites?viewerId=5&format=json:{} 
2017-12-03 18:34:41.359 INFO  /extraurl:{} 
2017-12-03 18:35:08.563 INFO  /viewer/getFavorites?viewerId=5:{} 
2017-12-03 18:35:09.155 INFO  /favicon.ico:{} 
2017-12-03 18:35:41.288 INFO  /viewer/getViewerContent?viewerId=5&contentType=null&director=null&search=null&format=json:{} 
2017-12-03 18:35:41.290 INFO  /viewer/getFavorites?viewerId=5&format=json:{} 
2017-12-03 18:36:00.893 INFO  /viewer/getViewerContent?viewerId=5&contentType=null&director=null&search=null&format=json:{} 
2017-12-03 18:36:00.897 INFO  /viewer/getFavorites?viewerId=5&format=json:{} 
2017-12-03 18:36:03.569 INFO  /viewer/login:{"email":"rushikesh","password":"rushikesh123#"} 
2017-12-03 18:36:05.745 INFO  /viewer/login:{"email":"rushikesh","password":"rushikesh123#"} 
2017-12-03 18:36:07.837 INFO  /viewer/login:{"email":"rushikesh","password":"rushikesh123#"} 
2017-12-03 18:36:14.201 INFO  /viewer/login:{"email":"rushikesh@gmail.com","password":"rushikesh123#"} 
2017-12-03 18:36:14.525 INFO  /viewer/getViewerContent?viewerId=4&format=json:{} 
2017-12-03 18:37:03.487 INFO  /extraurl:{} 
2017-12-03 18:39:43.969 INFO  /viewer/getViewerContent?viewerId=4&format=json:{} 
2017-12-03 18:42:55.287 INFO  /viewer/getViewerContent?viewerId=5&contentType=null&director=null&search=null&format=json:{} 
2017-12-03 18:42:55.419 INFO  /viewer/getFavorites?viewerId=5&format=json:{} 
2017-12-03 18:44:20.410 INFO  /viewer/getViewerContent?viewerId=5&contentType=null&director=null&search=null&format=json:{} 
2017-12-03 18:44:20.411 INFO  /viewer/getFavorites?viewerId=5&format=json:{} 
2017-12-03 18:45:26.044 INFO  /viewer/getFavorites?viewerId=1:{} 
2017-12-03 18:45:41.915 INFO  /viewer/getViewerContent?viewerId=5&contentType=null&director=null&search=null&format=json:{} 
2017-12-03 18:45:41.920 INFO  /viewer/getFavorites?viewerId=5&format=json:{} 
2017-12-03 18:46:20.865 INFO  /viewer/getHistory?viewerId=1:{} 
2017-12-03 18:46:38.153 INFO  /viewer/getViewerContent?viewerId=5&contentType=null&director=null&search=null&format=json:{} 
2017-12-03 18:46:38.155 INFO  /viewer/getFavorites?viewerId=5&format=json:{} 
2017-12-03 18:46:38.162 INFO  /viewer/getHistory?viewerId=5&format=json:{} 
2017-12-03 18:47:32.275 INFO  /viewer/getFavorites?viewerId=1:{} 
2017-12-03 18:48:30.853 INFO  /viewer/getViewerContent?viewerId=5&contentType=null&director=null&search=null&format=json:{} 
2017-12-03 18:48:30.858 INFO  /viewer/getFavorites?viewerId=5&format=json:{} 
2017-12-03 18:48:30.860 INFO  /viewer/getHistory?viewerId=5&format=json:{} 
2017-12-03 18:49:09.293 INFO  /viewer/getViewerContent?viewerId=5&contentType=null&director=null&search=null&format=json:{} 
2017-12-03 18:49:09.314 INFO  /viewer/getFavorites?viewerId=5&format=json:{} 
2017-12-03 18:49:09.315 INFO  /viewer/getHistory?viewerId=5&format=json:{} 
2017-12-03 18:49:24.124 INFO  /viewer/getViewerContent?viewerId=5&contentType=null&director=null&search=null&format=json:{} 
2017-12-03 18:49:24.136 INFO  /viewer/getFavorites?viewerId=5&format=json:{} 
2017-12-03 18:49:24.141 INFO  /viewer/getHistory?viewerId=5&format=json:{} 
2017-12-03 18:54:49.886 INFO  /viewer/getViewerContent?viewerId=5&contentType=null&director=null&search=null&format=json:{} 
2017-12-03 18:54:50.003 INFO  /viewer/getFavorites?viewerId=5&format=json:{} 
2017-12-03 18:54:50.028 INFO  /viewer/getHistory?viewerId=5&format=json:{} 
2017-12-03 18:56:21.092 INFO  /viewer/getViewerContent?viewerId=5&contentType=null&director=null&search=null&format=json:{} 
2017-12-03 18:56:21.107 INFO  /viewer/getFavorites?viewerId=5&format=json:{} 
2017-12-03 18:56:21.113 INFO  /viewer/getHistory?viewerId=5&format=json:{} 
2017-12-03 18:56:33.610 INFO  /viewer/getViewerContent?viewerId=5&contentType=null&director=null&search=null&format=json:{} 
2017-12-03 18:56:33.616 INFO  /viewer/getFavorites?viewerId=5&format=json:{} 
2017-12-03 18:56:33.630 INFO  /viewer/getHistory?viewerId=5&format=json:{} 
2017-12-03 18:58:56.491 INFO  /viewer/getViewerContent?viewerId=5&contentType=null&director=null&search=null&format=json:{} 
2017-12-03 18:58:56.506 INFO  /viewer/getFavorites?viewerId=5&format=json:{} 
2017-12-03 18:58:56.511 INFO  /viewer/getHistory?viewerId=5&format=json:{} 
2017-12-03 19:00:50.371 INFO  /viewer/login:{"email":"rushikesh@gmail.com","password":"rushikesh123#"} 
2017-12-03 19:01:27.425 INFO  /admin/getActivity:{} 
2017-12-03 19:01:51.971 INFO  /admin/getActivity:{} 
2017-12-03 19:03:00.816 INFO  /viewer/getFavorites?viewerId=5:{} 
2017-12-03 19:03:17.136 INFO  /viewer/getFavorites?viewerId=5:{} 
2017-12-03 19:03:28.953 INFO  /viewer/getViewerContent?viewerId=5&contentType=null&director=null&search=null&format=json:{} 
2017-12-03 19:03:28.960 INFO  /viewer/getFavorites?viewerId=5&format=json:{} 
2017-12-03 19:03:28.966 INFO  /viewer/getHistory?viewerId=5&format=json:{} 
2017-12-03 19:03:42.070 INFO  /admin/getActivity:{} 
2017-12-03 19:06:29.473 INFO  /admin/getActivity:{} 
2017-12-03 19:06:43.333 INFO  /viewer/getViewerContent?viewerId=5&contentType=null&director=null&search=null&format=json:{} 
2017-12-03 19:06:43.339 INFO  /viewer/getFavorites?viewerId=5&format=json:{} 
2017-12-03 19:06:43.343 INFO  /viewer/getHistory?viewerId=5&format=json:{} 
2017-12-03 19:08:27.772 INFO  /admin/getActivity:{} 
2017-12-03 19:10:30.478 INFO  /admin/getActivity:{} 
2017-12-03 19:11:40.872 INFO  /admin/getActivity:{} 
2017-12-03 19:12:22.431 INFO  /admin/getActivity:{} 
2017-12-03 19:12:38.771 INFO  /viewer/getViewerContent?viewerId=5&contentType=&director=undefined&search=all&format=json:{} 
2017-12-03 19:12:38.967 INFO  /viewer/getFavorites?viewerId=5&format=json:{} 
2017-12-03 19:12:38.985 INFO  /viewer/getHistory?viewerId=5&format=json:{} 
2017-12-03 19:12:54.710 INFO  /adProvider/login:{"email":"advertiser1@gmail.com","password":"advertiser100"} 
2017-12-03 19:12:55.053 INFO  /adProvider/getContent?adProviderId=1&format=json:{} 
2017-12-03 19:15:38.997 INFO  /viewer/getViewerContent?viewerId=5&contentType=null&director=null&search=null&format=json:{} 
2017-12-03 19:15:39.101 INFO  /viewer/getFavorites?viewerId=5&format=json:{} 
2017-12-03 19:15:39.103 INFO  /viewer/getHistory?viewerId=5&format=json:{} 
2017-12-03 19:16:05.102 INFO  /viewer/getViewerContent?viewerId=5&contentType=null&director=null&search=null&format=json:{} 
2017-12-03 19:16:05.105 INFO  /viewer/getFavorites?viewerId=5&format=json:{} 
2017-12-03 19:16:05.106 INFO  /viewer/getHistory?viewerId=5&format=json:{} 
2017-12-03 19:26:49.744 INFO  /viewer/getFavorites?viewerId=5:{} 
2017-12-03 19:26:53.323 INFO  /favicon.ico:{} 
2017-12-03 19:26:55.844 INFO  /viewer/getViewerContent?viewerId=5&contentType=null&director=null&search=null&format=json:{} 
2017-12-03 19:26:55.846 INFO  /viewer/getFavorites?viewerId=5&format=json:{} 
2017-12-03 19:26:55.848 INFO  /viewer/getHistory?viewerId=5&format=json:{} 
2017-12-03 19:28:56.388 INFO  /contentProvider/login:{"email":"sony@gmail.com","password":"sony123#"} 
2017-12-03 19:28:56.437 INFO  /contentProvider/login:{"email":"sony@gmail.com","password":"sony123#"} 
2017-12-03 19:28:56.869 INFO  /contentProvider/login:{"email":"sony@gmail.com","password":"sony123#"} 
2017-12-03 19:28:56.876 INFO  /contentProvider/login:{"email":"sony@gmail.com","password":"sony123#"} 
2017-12-03 19:28:56.880 INFO  /contentProvider/login:{"email":"sony@gmail.com","password":"sony123#"} 
2017-12-03 19:28:56.886 INFO  /contentProvider/login:{"email":"sony@gmail.com","password":"sony123#"} 
2017-12-03 19:28:57.585 INFO  /contentProvider/getContent?contentProviderId=1&title=null&search=null&format=json:{} 
2017-12-03 19:30:53.252 INFO  /viewer/login:{"email":"afreen@gmail.com","password":"afreen123#"} 
2017-12-03 19:30:53.682 INFO  /viewer/getViewerContent?viewerId=1&format=json:{} 
2017-12-03 19:30:53.725 INFO  /adProvider/login:{"email":"advertiser1@gmail.com","password":"advertiser100"} 
2017-12-03 19:30:57.541 INFO  /adProvider/getContent?adProviderId=1&format=json:{} 
2017-12-03 19:31:45.919 INFO  /adProvider/login:{"email":"advertiser1@gmail.com","password":"advertiser100"} 
2017-12-03 19:31:46.851 INFO  /adProvider/getContent?adProviderId=1&format=json:{} 
2017-12-03 19:54:54.955 INFO  /adProvider/login:{"email":"advertiser1@gmail.com","password":"advertiser100"} 
2017-12-03 19:54:55.446 INFO  /adProvider/getContent?adProviderId=1&format=json:{} 
2017-12-03 19:58:34.752 INFO  /viewer/getViewerContent?viewerId=5&contentType=null&director=null&search=null&format=json:{} 
2017-12-03 19:58:34.778 INFO  /viewer/getFavorites?viewerId=5&format=json:{} 
2017-12-03 19:58:34.795 INFO  /viewer/getHistory?viewerId=5&format=json:{} 
2017-12-03 19:58:53.610 INFO  /adProvider/login:{"email":"advertiser1@gmail.com","password":"advertiser100"} 
2017-12-03 19:58:53.622 INFO  /adProvider/login:{"email":"advertiser1@gmail.com","password":"advertiser100"} 
2017-12-03 19:58:53.941 INFO  /adProvider/getContent?adProviderId=1&format=json:{} 
2017-12-03 19:59:02.452 INFO  /adProvider/getContent?adProviderId=1&format=json:{} 
2017-12-03 19:59:57.921 INFO  /contentProvider/login:{"email":"sony@gmail.com","password":"sony123#"} 
2017-12-03 19:59:57.939 INFO  /contentProvider/login:{"email":"sony@gmail.com","password":"sony123#"} 
2017-12-03 19:59:57.953 INFO  /contentProvider/login:{"email":"sony@gmail.com","password":"sony123#"} 
2017-12-03 19:59:58.473 INFO  /contentProvider/getContent?contentProviderId=1&title=null&search=null&format=json:{} 
2017-12-03 20:00:22.321 INFO  /contentProvider/removeContent:{"contentId":"2"} 
2017-12-03 20:01:15.511 INFO  /contentProvider/uploadContent:{"title":"","description":"","director":"","type":"1","contentProviderId":"1"} 
2017-12-03 20:01:17.258 INFO  /contentProvider/getContent?contentProviderId=1&title=null&search=null&format=json:{} 
2017-12-03 20:01:25.130 INFO  /contentProvider/getContent?contentProviderId=1&title=null&search=null&format=json:{} 
2017-12-03 20:02:31.801 INFO  /contentProvider/login:{"email":"sony@gmail.com","password":"sony123#"} 
2017-12-03 20:02:38.499 INFO  /contentProvider/login:{"email":"sony@gmail.com","password":"sony123#"} 
2017-12-03 20:02:38.716 INFO  /contentProvider/login:{"email":"sony@gmail.com","password":"sony123#"} 
2017-12-03 20:02:39.401 INFO  /contentProvider/login:{"email":"sony@gmail.com","password":"sony123#"} 
2017-12-03 20:02:39.585 INFO  /contentProvider/login:{"email":"sony@gmail.com","password":"sony123#"} 
2017-12-03 20:02:39.760 INFO  /contentProvider/login:{"email":"sony@gmail.com","password":"sony123#"} 
2017-12-03 20:02:39.978 INFO  /contentProvider/login:{"email":"sony@gmail.com","password":"sony123#"} 
2017-12-03 20:02:51.823 INFO  /contentProvider/login:{"email":"sony@gmail.com","password":"sony123#"} 
2017-12-03 20:03:19.340 INFO  /contentProvider/login:{"email":"sony@gmail.com","password":"sony123#"} 
2017-12-03 20:03:20.166 INFO  /contentProvider/login:{"email":"sony@gmail.com","password":"sony123#"} 
2017-12-03 20:03:20.351 INFO  /contentProvider/login:{"email":"sony@gmail.com","password":"sony123#"} 
2017-12-03 20:03:20.516 INFO  /contentProvider/login:{"email":"sony@gmail.com","password":"sony123#"} 
2017-12-03 20:03:20.698 INFO  /contentProvider/login:{"email":"sony@gmail.com","password":"sony123#"} 
2017-12-03 20:03:20.881 INFO  /contentProvider/login:{"email":"sony@gmail.com","password":"sony123#"} 
2017-12-03 20:03:21.047 INFO  /contentProvider/login:{"email":"sony@gmail.com","password":"sony123#"} 
2017-12-03 20:03:21.207 INFO  /contentProvider/login:{"email":"sony@gmail.com","password":"sony123#"} 
2017-12-03 20:03:21.422 INFO  /contentProvider/login:{"email":"sony@gmail.com","password":"sony123#"} 
2017-12-03 20:03:23.955 INFO  /contentProvider/login:{"email":"sony@gmail.com","password":"sony123"} 
2017-12-03 20:03:24.516 INFO  /contentProvider/login:{"email":"sony@gmail.com","password":"sony123"} 
2017-12-03 20:03:24.730 INFO  /contentProvider/login:{"email":"sony@gmail.com","password":"sony123"} 
2017-12-03 20:04:32.941 INFO  /contentProvider/login:{"email":"sony@gmail.com","password":"sony123#"} 
2017-12-03 20:05:36.703 INFO  /contentProvider/login:{"email":"sony@gmail.com","password":"sony123#"} 
2017-12-03 20:05:49.219 INFO  /contentProvider/login:{"email":"sony@gmail.com","password":"sony123#"} 
2017-12-03 20:06:19.878 INFO  /contentProvider/login:{"email":"sony@gmail.com","password":"sony123#"} 
2017-12-03 20:07:00.916 INFO  /contentProvider/login:{"email":"disney@gmail.com","password":"disney123#"} 
2017-12-03 20:07:04.504 INFO  /contentProvider/login:{"email":"disney@gmail.com","password":"disney123#"} 
2017-12-03 20:07:04.671 INFO  /contentProvider/login:{"email":"disney@gmail.com","password":"disney123#"} 
2017-12-03 20:07:04.828 INFO  /contentProvider/login:{"email":"disney@gmail.com","password":"disney123#"} 
2017-12-03 20:07:04.982 INFO  /contentProvider/login:{"email":"disney@gmail.com","password":"disney123#"} 
2017-12-03 20:07:05.136 INFO  /contentProvider/login:{"email":"disney@gmail.com","password":"disney123#"} 
2017-12-03 20:07:05.289 INFO  /contentProvider/login:{"email":"disney@gmail.com","password":"disney123#"} 
2017-12-03 20:07:05.456 INFO  /contentProvider/login:{"email":"disney@gmail.com","password":"disney123#"} 
2017-12-03 20:07:05.584 INFO  /contentProvider/login:{"email":"disney@gmail.com","password":"disney123#"} 
2017-12-03 20:07:05.754 INFO  /contentProvider/login:{"email":"disney@gmail.com","password":"disney123#"} 
2017-12-03 20:07:54.487 INFO  /contentProvider/login:{"email":"disney@gmail.com","password":"disney123#"} 
2017-12-03 20:08:30.819 INFO  /viewer/login:{"email":"afreen@gmail.com","password":"afreen123#"} 
2017-12-03 20:08:31.023 INFO  /viewer/login:{"email":"afreen@gmail.com","password":"afreen123#"} 
2017-12-03 20:08:31.232 INFO  /viewer/login:{"email":"afreen@gmail.com","password":"afreen123#"} 
2017-12-03 20:08:31.425 INFO  /viewer/login:{"email":"afreen@gmail.com","password":"afreen123#"} 
2017-12-03 20:08:31.623 INFO  /viewer/login:{"email":"afreen@gmail.com","password":"afreen123#"} 
2017-12-03 20:08:31.795 INFO  /viewer/login:{"email":"afreen@gmail.com","password":"afreen123#"} 
2017-12-03 20:08:31.967 INFO  /viewer/login:{"email":"afreen@gmail.com","password":"afreen123#"} 
2017-12-03 20:08:32.127 INFO  /viewer/login:{"email":"afreen@gmail.com","password":"afreen123#"} 
2017-12-03 20:08:32.290 INFO  /viewer/login:{"email":"afreen@gmail.com","password":"afreen123#"} 
2017-12-03 20:08:32.451 INFO  /viewer/login:{"email":"afreen@gmail.com","password":"afreen123#"} 
2017-12-03 20:08:32.621 INFO  /viewer/login:{"email":"afreen@gmail.com","password":"afreen123#"} 
2017-12-03 20:08:32.832 INFO  /viewer/login:{"email":"afreen@gmail.com","password":"afreen123#"} 
2017-12-03 20:08:33.927 INFO  /viewer/login:{"email":"afreen@gmail.com","password":"afreen123#"} 
2017-12-03 20:08:34.119 INFO  /viewer/login:{"email":"afreen@gmail.com","password":"afreen123#"} 
2017-12-03 20:08:34.300 INFO  /viewer/login:{"email":"afreen@gmail.com","password":"afreen123#"} 
2017-12-03 20:08:34.466 INFO  /viewer/login:{"email":"afreen@gmail.com","password":"afreen123#"} 
2017-12-03 20:08:34.643 INFO  /viewer/login:{"email":"afreen@gmail.com","password":"afreen123#"} 
2017-12-03 20:08:34.854 INFO  /viewer/login:{"email":"afreen@gmail.com","password":"afreen123#"} 
2017-12-03 20:08:35.587 INFO  /viewer/login:{"email":"afreen@gmail.com","password":"afreen123#"} 
2017-12-03 20:08:35.862 INFO  /viewer/login:{"email":"afreen@gmail.com","password":"afreen123#"} 
2017-12-03 20:08:36.102 INFO  /viewer/login:{"email":"afreen@gmail.com","password":"afreen123#"} 
2017-12-03 20:08:36.268 INFO  /viewer/login:{"email":"afreen@gmail.com","password":"afreen123#"} 
2017-12-03 20:08:36.440 INFO  /viewer/login:{"email":"afreen@gmail.com","password":"afreen123#"} 
2017-12-03 20:08:36.624 INFO  /viewer/login:{"email":"afreen@gmail.com","password":"afreen123#"} 
2017-12-03 20:08:36.778 INFO  /viewer/login:{"email":"afreen@gmail.com","password":"afreen123#"} 
2017-12-03 20:08:36.923 INFO  /viewer/login:{"email":"afreen@gmail.com","password":"afreen123#"} 
2017-12-03 20:08:37.108 INFO  /viewer/login:{"email":"afreen@gmail.com","password":"afreen123#"} 
2017-12-03 20:08:37.306 INFO  /viewer/login:{"email":"afreen@gmail.com","password":"afreen123#"} 
2017-12-03 20:08:37.471 INFO  /viewer/login:{"email":"afreen@gmail.com","password":"afreen123#"} 
2017-12-03 20:08:37.658 INFO  /viewer/login:{"email":"afreen@gmail.com","password":"afreen123#"} 
2017-12-03 20:08:37.826 INFO  /viewer/login:{"email":"afreen@gmail.com","password":"afreen123#"} 
2017-12-03 20:08:37.998 INFO  /viewer/login:{"email":"afreen@gmail.com","password":"afreen123#"} 
2017-12-03 20:08:38.176 INFO  /viewer/login:{"email":"afreen@gmail.com","password":"afreen123#"} 
2017-12-03 20:08:38.999 INFO  /viewer/login:{"email":"afreen@gmail.com","password":"afreen123#"} 
2017-12-03 20:08:39.321 INFO  /viewer/login:{"email":"afreen@gmail.com","password":"afreen123#"} 
2017-12-03 20:08:39.622 INFO  /viewer/login:{"email":"afreen@gmail.com","password":"afreen123#"} 
2017-12-03 20:10:03.858 INFO  /viewer/login:{"email":"afreen@gmail.com","password":"afreen123#"} 
2017-12-03 20:10:07.175 INFO  /viewer/login:{"email":"afreen@gmail.com","password":"afreen123#"} 
2017-12-03 20:10:09.666 INFO  /viewer/login:{"email":"afreen@gmail.com","password":"afreen123#"} 
2017-12-03 20:10:09.845 INFO  /viewer/login:{"email":"afreen@gmail.com","password":"afreen123#"} 
2017-12-03 20:10:10.003 INFO  /viewer/login:{"email":"afreen@gmail.com","password":"afreen123#"} 
2017-12-03 20:10:10.161 INFO  /viewer/login:{"email":"afreen@gmail.com","password":"afreen123#"} 
2017-12-03 20:10:10.334 INFO  /viewer/login:{"email":"afreen@gmail.com","password":"afreen123#"} 
2017-12-03 20:10:10.560 INFO  /viewer/login:{"email":"afreen@gmail.com","password":"afreen123#"} 
2017-12-03 20:12:21.775 INFO  /viewer/login:{"email":"shruti@gmail.com","password":"shruti123#"} 
2017-12-03 20:13:16.158 INFO  /viewer/login:{} 
2017-12-03 20:13:16.862 INFO  /favicon.ico:{} 
2017-12-03 20:13:33.459 INFO  /viewer/login:{} 
2017-12-03 20:13:39.644 INFO  /contentProvider/login:{"email":"sony@gmail.com","password":"sony123#"} 
2017-12-03 20:13:42.354 INFO  /contentProvider/login:{"email":"sony@gmail.com","password":"sony123#"} 
2017-12-03 20:13:59.313 INFO  /contentProvider/login:{"email":"sony@gmail.com","password":"sony123#"} 
2017-12-03 20:14:04.999 INFO  /contentProvider/login:{"email":"sony@gmail.com","password":"sony123#"} 
2017-12-03 20:14:05.800 INFO  /contentProvider/login:{"email":"sony@gmail.com","password":"sony123#"} 
2017-12-03 20:14:05.954 INFO  /contentProvider/login:{"email":"sony@gmail.com","password":"sony123#"} 
2017-12-03 20:14:06.122 INFO  /contentProvider/login:{"email":"sony@gmail.com","password":"sony123#"} 
2017-12-03 20:14:06.277 INFO  /contentProvider/login:{"email":"sony@gmail.com","password":"sony123#"} 
2017-12-03 20:14:06.491 INFO  /contentProvider/login:{"email":"sony@gmail.com","password":"sony123#"} 
2017-12-03 20:15:11.004 INFO  /contentProvider/login:{"email":"sony@gmail.com","password":"sony123#"} 
2017-12-03 20:15:13.536 INFO  /contentProvider/login:{"email":"sony@gmail.com","password":"sony123#"} 
2017-12-03 20:15:39.163 INFO  /contentProvider/login:{"email":"sony@gmail.com","password":"sony123#"} 
2017-12-03 20:24:50.089 INFO  /contentProvider/login:{"email":"sony@gmail.com","password":"sony123#"} 
2017-12-03 20:25:16.678 INFO  /adProvider/login:{"email":"sony@gmail.com","password":"sony123#"} 
2017-12-03 20:25:48.067 INFO  /contentProvider/login:{"email":"sony@gmail.com","password":"sony123#"} 
2017-12-03 20:26:20.786 INFO  /contentProvider/login:{"email":"sony@gmail.com","password":"sony123#"} 
2017-12-03 20:27:27.215 INFO  /contentProvider/login:{"email":"sony@gmail.com","password":"sony123#"} 
2017-12-03 20:27:29.264 INFO  /contentProvider/login:{"email":"sony@gmail.com","password":"sony123#"} 
2017-12-03 20:27:36.950 INFO  /adProvider/login:{"email":"sony@gmail.com","password":"sony123#"} 
2017-12-03 20:27:38.453 INFO  /contentProvider/login:{"email":"sony@gmail.com","password":"sony123#"} 
2017-12-03 20:27:43.821 INFO  /contentProvider/login:{"email":"sony@gmail.com","password":"sony123#"} 
2017-12-03 20:27:45.248 INFO  /contentProvider/login:{"email":"sony@gmail.com","password":"sony123#"} 
2017-12-03 20:27:46.440 INFO  /contentProvider/login:{"email":"sony@gmail.com","password":"sony123#"} 
2017-12-03 20:27:47.526 INFO  /contentProvider/login:{"email":"sony@gmail.com","password":"sony123#"} 
2017-12-03 20:27:48.406 INFO  /contentProvider/login:{"email":"sony@gmail.com","password":"sony123#"} 
2017-12-03 20:27:48.753 INFO  /contentProvider/login:{"email":"sony@gmail.com","password":"sony123#"} 
2017-12-03 20:27:56.300 INFO  /contentProvider/login:{"email":"sony@gmail.com","password":"sony123#"} 
2017-12-03 20:28:08.106 INFO  /contentProvider/login:{"email":"sony@gmail.com","password":"sony123#"} 
2017-12-03 20:28:29.679 INFO  /contentProvider/login:{"email":"sony@gmail.com","password":"sony123#"} 
2017-12-03 20:31:35.244 INFO  /contentProvider/login:{"email":"sony@gmail.com","password":"sony123#"} 
2017-12-03 20:32:21.956 INFO  /contentProvider/login:{"email":"sony@gmail.com","password":"sony123#"} 
2017-12-03 20:32:30.798 INFO  /contentProvider/login:{"email":"sony@gmail.com","password":"sony123#"} 
2017-12-03 20:32:32.247 INFO  /contentProvider/login:{"email":"sony@gmail.com","password":"sony123#"} 
2017-12-03 20:32:33.052 INFO  /contentProvider/login:{"email":"sony@gmail.com","password":"sony123#"} 
2017-12-03 20:32:33.227 INFO  /contentProvider/login:{"email":"sony@gmail.com","password":"sony123#"} 
2017-12-03 20:32:33.406 INFO  /contentProvider/login:{"email":"sony@gmail.com","password":"sony123#"} 
2017-12-03 20:32:33.574 INFO  /contentProvider/login:{"email":"sony@gmail.com","password":"sony123#"} 
2017-12-03 20:32:33.733 INFO  /contentProvider/login:{"email":"sony@gmail.com","password":"sony123#"} 
2017-12-03 20:32:33.915 INFO  /contentProvider/login:{"email":"sony@gmail.com","password":"sony123#"} 
2017-12-03 20:32:34.142 INFO  /contentProvider/login:{"email":"sony@gmail.com","password":"sony123#"} 
2017-12-03 20:32:46.947 INFO  /contentProvider/login:{"email":"sony@gmail.com","password":"sony123#"} 
2017-12-03 20:32:56.564 INFO  /contentProvider/login:{"email":"sony@gmail.com","password":"sony123#"} 
2017-12-03 20:32:57.848 INFO  /contentProvider/login:{"email":"sony@gmail.com","password":"sony123#"} 
2017-12-03 20:32:58.942 INFO  /contentProvider/login:{"email":"sony@gmail.com","password":"sony123#"} 
2017-12-03 20:32:59.030 INFO  /contentProvider/login:{"email":"sony@gmail.com","password":"sony123#"} 
2017-12-03 20:33:28.790 INFO  /contentProvider/login:{"email":"sony@gmail.com","password":"sony123#"} 
2017-12-03 20:33:30.334 INFO  /contentProvider/login:{"email":"sony@gmail.com","password":"sony123#"} 
2017-12-03 20:33:31.484 INFO  /contentProvider/login:{"email":"sony@gmail.com","password":"sony123#"} 
2017-12-03 20:33:32.685 INFO  /contentProvider/login:{"email":"sony@gmail.com","password":"sony123#"} 
2017-12-03 20:33:33.559 INFO  /contentProvider/login:{"email":"sony@gmail.com","password":"sony123#"} 
2017-12-03 20:33:33.745 INFO  /contentProvider/login:{"email":"sony@gmail.com","password":"sony123#"} 
2017-12-03 20:33:33.947 INFO  /contentProvider/login:{"email":"sony@gmail.com","password":"sony123#"} 
2017-12-03 20:33:34.131 INFO  /contentProvider/login:{"email":"sony@gmail.com","password":"sony123#"} 
2017-12-03 20:33:34.353 INFO  /contentProvider/login:{"email":"sony@gmail.com","password":"sony123#"} 
2017-12-03 20:33:55.184 INFO  /contentProvider/login:{"email":"sony@gmail.com","password":"sony123#"} 
2017-12-03 20:34:35.387 INFO  /contentProvider/login:{"email":"sony@gmail.com","password":"sony123#"} 
2017-12-03 20:34:41.120 INFO  /contentProvider/login:{"email":"sony@gmail.com","password":"sony123#"} 
2017-12-03 20:34:46.699 INFO  /contentProvider/login:{"email":"sony@gmail.com","password":"sony123#"} 
2017-12-03 20:34:47.349 INFO  /contentProvider/login:{"email":"sony@gmail.com","password":"sony123#"} 
2017-12-03 20:34:50.206 INFO  /contentProvider/login:{"email":"sony@gmail.com","password":"sony123#"} 
2017-12-03 20:34:50.998 INFO  /contentProvider/login:{"email":"sony@gmail.com","password":"sony123#"} 
2017-12-03 20:34:51.353 INFO  /contentProvider/login:{"email":"sony@gmail.com","password":"sony123#"} 
2017-12-03 20:34:51.560 INFO  /contentProvider/login:{"email":"sony@gmail.com","password":"sony123#"} 
2017-12-03 20:34:51.755 INFO  /contentProvider/login:{"email":"sony@gmail.com","password":"sony123#"} 
2017-12-03 20:34:51.941 INFO  /contentProvider/login:{"email":"sony@gmail.com","password":"sony123#"} 
2017-12-03 20:34:59.047 INFO  /contentProvider/login:{"email":"sony@gmail.com","password":"sony123#"} 
2017-12-03 20:34:59.902 INFO  /contentProvider/login:{"email":"sony@gmail.com","password":"sony123#"} 
2017-12-03 20:35:37.454 INFO  /contentProvider/login:{"email":"sony@gmail.com","password":"sony123#"} 
2017-12-03 20:35:38.797 INFO  /contentProvider/login:{"email":"sony@gmail.com","password":"sony123#"} 
2017-12-03 20:35:39.852 INFO  /contentProvider/login:{"email":"sony@gmail.com","password":"sony123#"} 
2017-12-03 20:35:40.920 INFO  /contentProvider/login:{"email":"sony@gmail.com","password":"sony123#"} 
2017-12-03 20:35:52.197 INFO  /contentProvider/login:{"email":"sony@gmail.com","password":"sony123#"} 
2017-12-03 20:38:10.329 INFO  /contentProvider/login:{"email":"sony@gmail.com","password":"sony123#"} 
2017-12-03 20:38:11.050 INFO  /contentProvider/getContent?contentProviderId=1&title=null&search=null&format=json:{} 
2017-12-03 20:39:08.594 INFO  /contentProvider/uploadContent:{"title":"","description":"","director":"","type":"1","contentProviderId":"1"} 
2017-12-03 20:39:09.061 INFO  /contentProvider/getContent?contentProviderId=1&title=null&search=null&format=json:{} 
2017-12-03 20:40:26.284 INFO  /admin/login:{"email":"admin@spartanflix.com","password":"admin"} 
2017-12-03 20:40:26.710 INFO  /admin/getAllContentAndAds?format=json:{} 
2017-12-03 20:49:40.836 INFO  /contentProvider/login:{"email":"sony@gmail.com","password":"sony123#"} 
2017-12-03 20:49:41.274 INFO  /contentProvider/getContent?contentProviderId=1&title=null&search=null&format=json:{} 
2017-12-03 20:50:00.912 INFO  /viewer/login:{"email":"rushikesh@gmail.com","password":"rushikesh123#"} 
2017-12-03 20:50:01.290 INFO  /viewer/getViewerContent?viewerId=4&contentType=null&director=null&search=null&format=json:{} 
2017-12-03 20:50:01.304 INFO  /viewer/getFavorites?viewerId=4&format=json:{} 
2017-12-03 20:50:01.306 INFO  /viewer/getHistory?viewerId=4&format=json:{} 
2017-12-03 21:18:44.960 INFO  /viewer/login:{"email":"rushikesh@gmail.com","password":"rushikesh123#"} 
2017-12-03 21:19:26.833 INFO  /viewer/login:{"email":"rushikesh@gmail.com","password":"rushikesh123#"} 
2017-12-03 21:20:27.967 INFO  /viewer/login:{"email":"rushikesh@gmail.com","password":"rushikesh123#"} 
2017-12-03 21:20:41.157 INFO  /viewer/login:{"email":"afreen@gmail.com","password":"afreen123#"} 
2017-12-03 21:20:53.133 INFO  /viewer/login:{"email":"rushikesh@gmail.com","password":"rushikesh123#"} 
2017-12-03 21:21:16.984 INFO  /viewer/login:{"email":"afreen@gmail.com","password":"afreen123#"} 
2017-12-03 21:26:10.349 INFO  /viewer/login:{"email":"afreen@gmail.com","password":"afreen123#"} 
2017-12-03 21:26:44.936 INFO  /viewer/login:{"email":"afreen@gmail.com","password":"afreen123#"} 
2017-12-03 21:28:07.013 INFO  /viewer/login:{"email":"afreen@gmail.com","password":"afreen123#"} 
2017-12-03 21:28:54.354 INFO  /viewer/login:{"email":"afreen@gmail.com","password":"afreen123#"} 
2017-12-03 21:30:15.323 INFO  /viewer/login:{"email":"afreen@gmail.com","password":"afreen123#"} 
2017-12-03 21:40:16.505 INFO  /viewer/login:{"email":"afreen@gmail.com","password":"afreen123#"} 
2017-12-03 21:41:56.239 INFO  /admin/getActivity:{} 
2017-12-03 21:43:27.450 INFO  /viewer/login:{"email":"afreen@gmail.com","password":"afreen123#"} 
2017-12-03 21:43:47.026 INFO  /admin/getActivity:{} 
2017-12-03 21:44:29.341 INFO  /viewer/login:{"email":"afreen@gmail.com","password":"afreen123#"} 
2017-12-03 21:53:37.463 INFO  /viewer/login:{"email":"afreen@gmail.com","password":"afreen123#"} 
2017-12-03 21:56:45.642 INFO  /viewer/login:{"email":"afreen@gmail.com","password":"afreen123#"} 
2017-12-03 21:57:07.265 INFO  /viewer/login:{"email":"afreen@gmail.com","password":"afreen123#"} 
2017-12-03 21:57:34.395 INFO  /viewer/login:{"email":"afreen@gmail.com","password":"afreen123#"} 
2017-12-03 21:59:04.151 INFO  /viewer/login:{"email":"afreen@gmail.com","password":"afreen123#"} 
2017-12-03 21:59:19.139 INFO  /admin/getActivity:{} 
2017-12-03 21:59:52.370 INFO  /viewer/login:{"email":"afreen@gmail.com","password":"afreen123#"} 
2017-12-03 22:00:02.349 INFO  /admin/getActivity:{} 
2017-12-03 22:01:22.112 INFO  /viewer/login:{"email":"afreen@gmail.com","password":"afreen123#"} 
2017-12-03 22:01:52.141 INFO  /viewer/login:{"email":"afreen@gmail.com","password":"afreen123#"} 
2017-12-03 22:04:09.580 INFO  /viewer/login:{"email":"afreen@gmail.com","password":"afreen123#"} 
2017-12-03 22:04:20.901 INFO  /admin/getActivity:{} 
2017-12-03 22:05:35.918 INFO  /viewer/login:{"email":"afreen@gmail.com","password":"afreen123#"} 
2017-12-03 22:05:49.930 INFO  /admin/getActivity:{} 
2017-12-03 22:10:04.599 INFO  /viewer/login:{"email":"afreen@gmail.com","password":"afreen123#"} 
2017-12-03 22:10:19.088 INFO  /admin/getActivity:{} 
2017-12-03 22:17:11.670 INFO  /viewer/login:{"email":"afreen@gmail.com","password":"afreen123#"} 
2017-12-03 22:17:18.200 INFO  /admin/getActivity:{} 
2017-12-03 22:20:10.156 INFO  /admin/getActivity:{} 
2017-12-03 22:21:03.365 INFO  /admin/getActivity:{} 
2017-12-03 22:34:43.087 INFO  /viewer/login:{"email":"afreen@gmail.com","password":"afreen123#"} 
2017-12-03 22:35:33.870 INFO  /adProvider/getContent:{} 
2017-12-03 22:35:38.859 INFO  /viewer/getViewerContent?viewerId=1&contentType=null&director=null&search=null&format=json:{} 
2017-12-03 22:35:38.864 INFO  /viewer/getFavorites?viewerId=1&format=json:{} 
2017-12-03 22:35:38.869 INFO  /viewer/getHistory?viewerId=1&format=json:{} 
2017-12-03 22:35:41.219 INFO  /viewer/getViewerContent?viewerId=1&contentType=null&director=null&search=null&format=json:{} 
2017-12-03 22:35:41.221 INFO  /viewer/getFavorites?viewerId=1&format=json:{} 
2017-12-03 22:35:41.221 INFO  /viewer/getHistory?viewerId=1&format=json:{} 
2017-12-05 21:18:38.179 INFO  /viewer/getAllSubscriptions:{} 
